Using pre-set license
Built from '2020.3/release' branch; Version is '2020.3.12f1 (b3b2c6512326) revision 11776710'; Using compiler version '192528614'; Build Type 'Release'
OS: 'Windows 10 Pro; OS build 19042.1288; Version 2009; 64bit' Language: 'tr' Physical Memory: 16342 MB
BatchMode: 1, IsHumanControllingUs: 0, StartBugReporterOnCrash: 0, Is64bit: 1, IsPro: 0

 COMMAND LINE ARGUMENTS:
C:\Program Files\Unity\Editor\2020.3.12f1\Editor\Unity.exe
-adb2
-batchMode
-noUpm
-name
AssetImportWorker0
-projectPath
D:/GitHub/Unity 3D/Realm Rush
-logFile
Logs/AssetImportWorker0.log
-srvPort
53706
Successfully changed project path to: D:/GitHub/Unity 3D/Realm Rush
D:/GitHub/Unity 3D/Realm Rush
Using Asset Import Pipeline V2.
Refreshing native plugins compatible for Editor in 26.84 ms, found 2 plugins.
Preloading 0 native plugins for Editor in 0.00 ms.
Initialize engine version: 2020.3.12f1 (b3b2c6512326)
[Subsystems] Discovering subsystems at path C:/Program Files/Unity/Editor/2020.3.12f1/Editor/Data/Resources/UnitySubsystems
[Subsystems] Discovering subsystems at path D:/GitHub/Unity 3D/Realm Rush/Assets
GfxDevice: creating device client; threaded=0
Direct3D:
    Version:  Direct3D 11.0 [level 11.1]
    Renderer: NVIDIA GeForce RTX 3060 Ti (ID=0x2486)
    Vendor:   
    VRAM:     8050 MB
    Driver:   30.0.14.9649
Initialize mono
Mono path[0] = 'C:/Program Files/Unity/Editor/2020.3.12f1/Editor/Data/Managed'
Mono path[1] = 'C:/Program Files/Unity/Editor/2020.3.12f1/Editor/Data/MonoBleedingEdge/lib/mono/unityjit'
Mono config path = 'C:/Program Files/Unity/Editor/2020.3.12f1/Editor/Data/MonoBleedingEdge/etc'
Using monoOptions --debugger-agent=transport=dt_socket,embedding=1,server=y,suspend=n,address=127.0.0.1:56908
Begin MonoManager ReloadAssembly
Registering precompiled unity dll's ...
Register platform support module: C:/Program Files/Unity/Editor/2020.3.12f1/Editor/Data/PlaybackEngines/WebGLSupport/UnityEditor.WebGL.Extensions.dll
Register platform support module: C:/Program Files/Unity/Editor/2020.3.12f1/Editor/Data/PlaybackEngines/WindowsStandaloneSupport/UnityEditor.WindowsStandalone.Extensions.dll
Registered in 0.003089 seconds.
Native extension for WindowsStandalone target not found
Native extension for WebGL target not found
Refreshing native plugins compatible for Editor in 32.54 ms, found 2 plugins.
Preloading 0 native plugins for Editor in 0.00 ms.
Mono: successfully reloaded assembly
- Completed reload, in  2.079 seconds
Platform modules already initialized, skipping
Registering precompiled user dll's ...
Registered in 0.027175 seconds.
Begin MonoManager ReloadAssembly
Native extension for WindowsStandalone target not found
Native extension for WebGL target not found
Refreshing native plugins compatible for Editor in 0.23 ms, found 2 plugins.
Preloading 0 native plugins for Editor in 0.00 ms.
Mono: successfully reloaded assembly
- Completed reload, in  0.864 seconds
Platform modules already initialized, skipping
========================================================================
Worker process is ready to serve import requests
Launched and connected shader compiler UnityShaderCompiler.exe after 0.09 seconds
Refreshing native plugins compatible for Editor in 0.23 ms, found 2 plugins.
Preloading 0 native plugins for Editor in 0.00 ms.
Unloading 1402 Unused Serialized files (Serialized files now loaded: 0)
System memory in use before: 67.3 MB.
System memory in use after: 67.3 MB.

Unloading 19 unused Assets to reduce memory usage. Loaded Objects now: 1835.
Total: 1.565200 ms (FindLiveObjects: 0.112800 ms CreateObjectMapping: 0.037100 ms MarkObjects: 1.347900 ms  DeleteObjects: 0.066400 ms)

AssetImportParameters requested are different than current active one (requested -> active):
  custom:framework-win-MediaFoundation: 216162199b28c13a410421893ffa2e32 -> 
  custom:video-decoder-ogg-theora: a1e56fd34408186e4bbccfd4996cb3dc -> 
  custom:container-muxer-webm: aa71ff27fc2769a1b78a27578f13a17b -> 
  custom:container-demuxer-webm: 4f35f7cbe854078d1ac9338744f61a02 -> 
  custom:container-demuxer-ogg: 62fdf1f143b41e24485cea50d1cbac27 -> 
  custom:video-encoder-webm-vp8: eb34c28f22e8b96e1ab97ce403110664 -> 
  custom:video-decoder-webm-vp8: 9c59270c3fd7afecdb556c50c9e8de78 -> 
  custom:audio-decoder-ogg-vorbis: bf7c407c2cedff20999df2af8eb42d56 -> 
  custom:audio-encoder-webm-vorbis: bf7c407c2cedff20999df2af8eb42d56 -> 
========================================================================
Received Import Request.
  path: Assets/Prefabs/Tile_Road_Straight.prefab
  artifactKey: Guid(82d08fcee29c6c54fb90a6268f42c523) Importer(815301076,1909f56bfc062723c751e8b465ee728b)
Start importing Assets/Prefabs/Tile_Road_Straight.prefab using Guid(82d08fcee29c6c54fb90a6268f42c523) Importer(815301076,1909f56bfc062723c751e8b465ee728b)  -> (artifact id: 'e21058e8eb17adc04a4d65763610f60f') in 0.156703 seconds 
  Import took 0.158818 seconds .

========================================================================
Received Import Request.
  Time since last request: 12.276225 seconds.
  path: Assets/Prefabs/Tile_StraightRoad.prefab
  artifactKey: Guid(82d08fcee29c6c54fb90a6268f42c523) Importer(815301076,1909f56bfc062723c751e8b465ee728b)
Start importing Assets/Prefabs/Tile_StraightRoad.prefab using Guid(82d08fcee29c6c54fb90a6268f42c523) Importer(815301076,1909f56bfc062723c751e8b465ee728b)  -> (artifact id: 'd90eea3b0c5a569629a7979b39aa5b3d') in 0.031617 seconds 
  Import took 0.033521 seconds .

========================================================================
Received Import Request.
  Time since last request: 103.932469 seconds.
  path: Assets/Prefabs/Tile_RoadStraight.prefab
  artifactKey: Guid(82d08fcee29c6c54fb90a6268f42c523) Importer(815301076,1909f56bfc062723c751e8b465ee728b)
Start importing Assets/Prefabs/Tile_RoadStraight.prefab using Guid(82d08fcee29c6c54fb90a6268f42c523) Importer(815301076,1909f56bfc062723c751e8b465ee728b)  -> (artifact id: 'c1c310687f0c0234d16b8acc8060cfc7') in 0.031719 seconds 
  Import took 0.034212 seconds .

========================================================================
Received Import Request.
  Time since last request: 31.114264 seconds.
  path: Assets/Prefabs/Tile_RoadStraight.prefab
  artifactKey: Guid(82d08fcee29c6c54fb90a6268f42c523) Importer(815301076,1909f56bfc062723c751e8b465ee728b)
Start importing Assets/Prefabs/Tile_RoadStraight.prefab using Guid(82d08fcee29c6c54fb90a6268f42c523) Importer(815301076,1909f56bfc062723c751e8b465ee728b)  -> (artifact id: 'efa3c2046589a9c3d54fcf193df7ae9a') in 0.030934 seconds 
  Import took 0.033126 seconds .

========================================================================
Received Import Request.
  Time since last request: 9.986079 seconds.
  path: Assets/Prefabs/Tile_RoadStraight.prefab
  artifactKey: Guid(82d08fcee29c6c54fb90a6268f42c523) Importer(815301076,1909f56bfc062723c751e8b465ee728b)
Start importing Assets/Prefabs/Tile_RoadStraight.prefab using Guid(82d08fcee29c6c54fb90a6268f42c523) Importer(815301076,1909f56bfc062723c751e8b465ee728b)  -> (artifact id: 'e9cbc57de4790c67f00cd99ae6f1bc2a') in 0.032930 seconds 
  Import took 0.035635 seconds .

========================================================================
Received Import Request.
  Time since last request: 11.338427 seconds.
  path: Assets/Prefabs/Tile_RoadStraight.prefab
  artifactKey: Guid(82d08fcee29c6c54fb90a6268f42c523) Importer(815301076,1909f56bfc062723c751e8b465ee728b)
Start importing Assets/Prefabs/Tile_RoadStraight.prefab using Guid(82d08fcee29c6c54fb90a6268f42c523) Importer(815301076,1909f56bfc062723c751e8b465ee728b)  -> (artifact id: 'c4d147cc8c2f8fb3d514202b90212da1') in 0.027604 seconds 
  Import took 0.029912 seconds .

========================================================================
Received Import Request.
  Time since last request: 0.968538 seconds.
  path: Assets/AssetPacks/VoxelCastle/Models/Gate_1.png
  artifactKey: Guid(0a454c2c084e06e4ba072926a9128554) Importer(815301076,1909f56bfc062723c751e8b465ee728b)
Start importing Assets/AssetPacks/VoxelCastle/Models/Gate_1.png using Guid(0a454c2c084e06e4ba072926a9128554) Importer(815301076,1909f56bfc062723c751e8b465ee728b)  -> (artifact id: 'a329c31e6e7490a6d3badd023cad1787') in 0.057549 seconds 
  Import took 0.059557 seconds .

========================================================================
Received Import Request.
  Time since last request: 0.000165 seconds.
  path: Assets/AssetPacks/VoxelCastle/Models/Shore_1.png
  artifactKey: Guid(ffac8a3acbcff404e99171d5439366c1) Importer(815301076,1909f56bfc062723c751e8b465ee728b)
Start importing Assets/AssetPacks/VoxelCastle/Models/Shore_1.png using Guid(ffac8a3acbcff404e99171d5439366c1) Importer(815301076,1909f56bfc062723c751e8b465ee728b)  -> (artifact id: '2646317f0ea731e3b4e9d948760bf2a3') in 0.018704 seconds 
  Import took 0.021127 seconds .

========================================================================
Received Import Request.
  Time since last request: 0.000161 seconds.
  path: Assets/AssetPacks/VoxelCastle/Models/Tower_Right.png
  artifactKey: Guid(ca298980c5e8df845b53e7c7f434fb11) Importer(815301076,1909f56bfc062723c751e8b465ee728b)
Start importing Assets/AssetPacks/VoxelCastle/Models/Tower_Right.png using Guid(ca298980c5e8df845b53e7c7f434fb11) Importer(815301076,1909f56bfc062723c751e8b465ee728b)  -> (artifact id: '6bad34028017b794a3e6f5c9a778c318') in 0.007696 seconds 
  Import took 0.009694 seconds .

========================================================================
Received Import Request.
  Time since last request: 0.000173 seconds.
  path: Assets/AssetPacks/VoxelCastle/Models/Road_Straight.png
  artifactKey: Guid(3dd9605d2d4e8ba469fa5ddf06423ab3) Importer(815301076,1909f56bfc062723c751e8b465ee728b)
Start importing Assets/AssetPacks/VoxelCastle/Models/Road_Straight.png using Guid(3dd9605d2d4e8ba469fa5ddf06423ab3) Importer(815301076,1909f56bfc062723c751e8b465ee728b)  -> (artifact id: '0fb1834cb23c6fd57ec6309526b43d70') in 0.010834 seconds 
  Import took 0.012810 seconds .

========================================================================
Received Import Request.
  Time since last request: 0.000167 seconds.
  path: Assets/AssetPacks/VoxelCastle/Models/Grass.png
  artifactKey: Guid(23a42ab2a1869644a91490df49967f02) Importer(815301076,1909f56bfc062723c751e8b465ee728b)
Start importing Assets/AssetPacks/VoxelCastle/Models/Grass.png using Guid(23a42ab2a1869644a91490df49967f02) Importer(815301076,1909f56bfc062723c751e8b465ee728b)  -> (artifact id: '9af3d4d31c78095affc89f0c064128b8') in 0.004928 seconds 
  Import took 0.006800 seconds .

========================================================================
Received Import Request.
  Time since last request: 0.000252 seconds.
  path: Assets/AssetPacks/VoxelCastle/Models/Gate_2.png
  artifactKey: Guid(1397c6bbef1f52446a3885dfec58c9c3) Importer(815301076,1909f56bfc062723c751e8b465ee728b)
Start importing Assets/AssetPacks/VoxelCastle/Models/Gate_2.png using Guid(1397c6bbef1f52446a3885dfec58c9c3) Importer(815301076,1909f56bfc062723c751e8b465ee728b)  -> (artifact id: '058acaf5b649c98203f0a7fdef48cfea') in 0.026871 seconds 
  Import took 0.028773 seconds .

========================================================================
Received Import Request.
  Time since last request: 0.000163 seconds.
  path: Assets/AssetPacks/VoxelCastle/Models/Tower_Left.png
  artifactKey: Guid(284ee0d3ae39dfa4e8149a93e89fc205) Importer(815301076,1909f56bfc062723c751e8b465ee728b)
Start importing Assets/AssetPacks/VoxelCastle/Models/Tower_Left.png using Guid(284ee0d3ae39dfa4e8149a93e89fc205) Importer(815301076,1909f56bfc062723c751e8b465ee728b)  -> (artifact id: 'efbf06e30f0eae96d836a13077241553') in 0.008444 seconds 
  Import took 0.010875 seconds .

========================================================================
Received Import Request.
  Time since last request: 0.000248 seconds.
  path: Assets/AssetPacks/VoxelCastle/Models/Shore_2.png
  artifactKey: Guid(48723dd47be16a44a99dd60f1da28484) Importer(815301076,1909f56bfc062723c751e8b465ee728b)
Start importing Assets/AssetPacks/VoxelCastle/Models/Shore_2.png using Guid(48723dd47be16a44a99dd60f1da28484) Importer(815301076,1909f56bfc062723c751e8b465ee728b)  -> (artifact id: '3b4afbe152c0be32c270a5929691edaa') in 0.028158 seconds 
  Import took 0.029896 seconds .

========================================================================
Received Import Request.
  Time since last request: 0.000154 seconds.
  path: Assets/AssetPacks/VoxelCastle/Models/Shore_3.png
  artifactKey: Guid(a7496d0b9261383468e8fed66a40da8d) Importer(815301076,1909f56bfc062723c751e8b465ee728b)
Start importing Assets/AssetPacks/VoxelCastle/Models/Shore_3.png using Guid(a7496d0b9261383468e8fed66a40da8d) Importer(815301076,1909f56bfc062723c751e8b465ee728b)  -> (artifact id: '552f244bc5b7e707d825e9a23109e54f') in 0.007865 seconds 
  Import took 0.010055 seconds .

========================================================================
Received Import Request.
  Time since last request: 0.000196 seconds.
  path: Assets/AssetPacks/VoxelCastle/Models/Tree_Group.png
  artifactKey: Guid(9acac0d27327d6b49b38bd2c330e319e) Importer(815301076,1909f56bfc062723c751e8b465ee728b)
Start importing Assets/AssetPacks/VoxelCastle/Models/Tree_Group.png using Guid(9acac0d27327d6b49b38bd2c330e319e) Importer(815301076,1909f56bfc062723c751e8b465ee728b)  -> (artifact id: '2c3c7be8111de576215648e71ff061af') in 0.008235 seconds 
  Import took 0.010005 seconds .

========================================================================
Received Import Request.
  Time since last request: 0.000184 seconds.
  path: Assets/AssetPacks/VoxelCastle/Models/Road_Corner.png
  artifactKey: Guid(58ef2bf03efe75c4aafe68f1b5af1443) Importer(815301076,1909f56bfc062723c751e8b465ee728b)
Start importing Assets/AssetPacks/VoxelCastle/Models/Road_Corner.png using Guid(58ef2bf03efe75c4aafe68f1b5af1443) Importer(815301076,1909f56bfc062723c751e8b465ee728b)  -> (artifact id: 'fcf5f2cf15938c38a41dff39ed7c30b0') in 0.007470 seconds 
  Import took 0.009357 seconds .

========================================================================
Received Import Request.
  Time since last request: 0.000150 seconds.
  path: Assets/AssetPacks/VoxelCastle/Models/Tower_Straight.png
  artifactKey: Guid(0488743b20db5ba4590965ad3056d5b7) Importer(815301076,1909f56bfc062723c751e8b465ee728b)
Start importing Assets/AssetPacks/VoxelCastle/Models/Tower_Straight.png using Guid(0488743b20db5ba4590965ad3056d5b7) Importer(815301076,1909f56bfc062723c751e8b465ee728b)  -> (artifact id: '6c5a200cd788dd0a6d96199a4a63d4f2') in 0.006961 seconds 
  Import took 0.008955 seconds .

========================================================================
Received Import Request.
  Time since last request: 0.000154 seconds.
  path: Assets/AssetPacks/VoxelCastle/Models/Tower_Standing.png
  artifactKey: Guid(3635acef53183154283781d6989b3681) Importer(815301076,1909f56bfc062723c751e8b465ee728b)
Start importing Assets/AssetPacks/VoxelCastle/Models/Tower_Standing.png using Guid(3635acef53183154283781d6989b3681) Importer(815301076,1909f56bfc062723c751e8b465ee728b)  -> (artifact id: 'c2b228fbbf4f5a9e48c9ce5cbc7e2c92') in 0.007118 seconds 
  Import took 0.008907 seconds .

========================================================================
Received Import Request.
  Time since last request: 0.000166 seconds.
  path: Assets/AssetPacks/VoxelCastle/Models/Ram.png
  artifactKey: Guid(f89231e1285b34f41a1e68d64ba7079b) Importer(815301076,1909f56bfc062723c751e8b465ee728b)
Start importing Assets/AssetPacks/VoxelCastle/Models/Ram.png using Guid(f89231e1285b34f41a1e68d64ba7079b) Importer(815301076,1909f56bfc062723c751e8b465ee728b)  -> (artifact id: '6110d25c1ce153ab127dd26c23f7365c') in 0.007457 seconds 
  Import took 0.009431 seconds .

========================================================================
Received Import Request.
  Time since last request: 31.809619 seconds.
  path: Assets/Prefabs/Tile_RoadStraight.prefab
  artifactKey: Guid(82d08fcee29c6c54fb90a6268f42c523) Importer(815301076,1909f56bfc062723c751e8b465ee728b)
Start importing Assets/Prefabs/Tile_RoadStraight.prefab using Guid(82d08fcee29c6c54fb90a6268f42c523) Importer(815301076,1909f56bfc062723c751e8b465ee728b)  -> (artifact id: '8c8d4f377eff7e667584086458ef714f') in 0.024461 seconds 
  Import took 0.026699 seconds .

========================================================================
Received Import Request.
  Time since last request: 113.670923 seconds.
  path: Assets/Prefabs/Tile_RoadCorner.prefab
  artifactKey: Guid(4969a9f181184174ca265eb6fe1d5cc9) Importer(815301076,1909f56bfc062723c751e8b465ee728b)
Start importing Assets/Prefabs/Tile_RoadCorner.prefab using Guid(4969a9f181184174ca265eb6fe1d5cc9) Importer(815301076,1909f56bfc062723c751e8b465ee728b)  -> (artifact id: '1811050426799b79f2702f324f5f2b04') in 0.030368 seconds 
  Import took 0.032469 seconds .

========================================================================
Received Import Request.
  Time since last request: 12.995516 seconds.
  path: Assets/Prefabs/Tile_RoadCorner.prefab
  artifactKey: Guid(4969a9f181184174ca265eb6fe1d5cc9) Importer(815301076,1909f56bfc062723c751e8b465ee728b)
Start importing Assets/Prefabs/Tile_RoadCorner.prefab using Guid(4969a9f181184174ca265eb6fe1d5cc9) Importer(815301076,1909f56bfc062723c751e8b465ee728b)  -> (artifact id: '32856dfce38c3911fd920a26e3c3795c') in 0.048222 seconds 
  Import took 0.050383 seconds .

========================================================================
Received Import Request.
  Time since last request: 3.561760 seconds.
  path: Assets/Prefabs/Tile_RoadCorner.prefab
  artifactKey: Guid(4969a9f181184174ca265eb6fe1d5cc9) Importer(815301076,1909f56bfc062723c751e8b465ee728b)
Start importing Assets/Prefabs/Tile_RoadCorner.prefab using Guid(4969a9f181184174ca265eb6fe1d5cc9) Importer(815301076,1909f56bfc062723c751e8b465ee728b)  -> (artifact id: 'b5ee6f04b02e64ef1eeab798fd89b9b2') in 0.029865 seconds 
  Import took 0.032021 seconds .

========================================================================
Received Import Request.
  Time since last request: 3.328863 seconds.
  path: Assets/Prefabs/Tile_RoadCorner.prefab
  artifactKey: Guid(4969a9f181184174ca265eb6fe1d5cc9) Importer(815301076,1909f56bfc062723c751e8b465ee728b)
Start importing Assets/Prefabs/Tile_RoadCorner.prefab using Guid(4969a9f181184174ca265eb6fe1d5cc9) Importer(815301076,1909f56bfc062723c751e8b465ee728b)  -> (artifact id: '954cac2c578489fe3d97d787aa53ca44') in 0.029003 seconds 
  Import took 0.031055 seconds .

========================================================================
Received Import Request.
  Time since last request: 233.167283 seconds.
  path: Assets/Prefabs/Tile_RoadStraight90.prefab
  artifactKey: Guid(ffabef3c397f7c2469aa70217c8a37ee) Importer(815301076,1909f56bfc062723c751e8b465ee728b)
Start importing Assets/Prefabs/Tile_RoadStraight90.prefab using Guid(ffabef3c397f7c2469aa70217c8a37ee) Importer(815301076,1909f56bfc062723c751e8b465ee728b)  -> (artifact id: '932fc1ca3a41d9c1b80f4d04476b9cc8') in 0.031262 seconds 
  Import took 0.041754 seconds .

========================================================================
Received Import Request.
  Time since last request: 11.673402 seconds.
  path: Assets/Prefabs/Tile_RoadStraight90.prefab
  artifactKey: Guid(ffabef3c397f7c2469aa70217c8a37ee) Importer(815301076,1909f56bfc062723c751e8b465ee728b)
Start importing Assets/Prefabs/Tile_RoadStraight90.prefab using Guid(ffabef3c397f7c2469aa70217c8a37ee) Importer(815301076,1909f56bfc062723c751e8b465ee728b)  -> (artifact id: 'bfe42a0d6e576b22763c346566519b08') in 0.026534 seconds 
  Import took 0.028477 seconds .

========================================================================
Received Import Request.
  Time since last request: 171.482157 seconds.
  path: Assets/Prefabs/Tile.prefab
  artifactKey: Guid(33595e880457d8c49a1af126ead8f7c3) Importer(815301076,1909f56bfc062723c751e8b465ee728b)
Start importing Assets/Prefabs/Tile.prefab using Guid(33595e880457d8c49a1af126ead8f7c3) Importer(815301076,1909f56bfc062723c751e8b465ee728b)  -> (artifact id: 'c017bb1d15ff859923610e6213e6e02a') in 0.025255 seconds 
  Import took 0.027110 seconds .

========================================================================
Received Import Request.
  Time since last request: 0.000164 seconds.
  path: Assets/Prefabs/Tile_RoadStraight90.prefab
  artifactKey: Guid(ffabef3c397f7c2469aa70217c8a37ee) Importer(815301076,1909f56bfc062723c751e8b465ee728b)
Start importing Assets/Prefabs/Tile_RoadStraight90.prefab using Guid(ffabef3c397f7c2469aa70217c8a37ee) Importer(815301076,1909f56bfc062723c751e8b465ee728b)  -> (artifact id: '29c670c125db64d5ab77d976ec202eac') in 0.027498 seconds 
  Import took 0.029242 seconds .

========================================================================
Received Import Request.
  Time since last request: 0.000160 seconds.
  path: Assets/Prefabs/Tile_RoadStraight.prefab
  artifactKey: Guid(82d08fcee29c6c54fb90a6268f42c523) Importer(815301076,1909f56bfc062723c751e8b465ee728b)
Start importing Assets/Prefabs/Tile_RoadStraight.prefab using Guid(82d08fcee29c6c54fb90a6268f42c523) Importer(815301076,1909f56bfc062723c751e8b465ee728b)  -> (artifact id: '6fe7ae2bd2cd9033eedcd3432a6b36b8') in 0.023096 seconds 
  Import took 0.024811 seconds .

========================================================================
Received Import Request.
  Time since last request: 0.000159 seconds.
  path: Assets/Prefabs/Tile_RoadCorner.prefab
  artifactKey: Guid(4969a9f181184174ca265eb6fe1d5cc9) Importer(815301076,1909f56bfc062723c751e8b465ee728b)
Start importing Assets/Prefabs/Tile_RoadCorner.prefab using Guid(4969a9f181184174ca265eb6fe1d5cc9) Importer(815301076,1909f56bfc062723c751e8b465ee728b)  -> (artifact id: '8870e8318813b59c95cf99f66f5a67aa') in 0.024931 seconds 
  Import took 0.026730 seconds .

========================================================================
Received Import Request.
  Time since last request: 3.714227 seconds.
  path: Assets/Prefabs/Tile.prefab
  artifactKey: Guid(33595e880457d8c49a1af126ead8f7c3) Importer(815301076,1909f56bfc062723c751e8b465ee728b)
Start importing Assets/Prefabs/Tile.prefab using Guid(33595e880457d8c49a1af126ead8f7c3) Importer(815301076,1909f56bfc062723c751e8b465ee728b)  -> (artifact id: 'bce2383a3aff99d392bd3eaf94dee05b') in 0.028384 seconds 
  Import took 0.030197 seconds .

========================================================================
Received Import Request.
  Time since last request: 0.000163 seconds.
  path: Assets/Prefabs/Tile_RoadStraight90.prefab
  artifactKey: Guid(ffabef3c397f7c2469aa70217c8a37ee) Importer(815301076,1909f56bfc062723c751e8b465ee728b)
Start importing Assets/Prefabs/Tile_RoadStraight90.prefab using Guid(ffabef3c397f7c2469aa70217c8a37ee) Importer(815301076,1909f56bfc062723c751e8b465ee728b)  -> (artifact id: 'ff570a7ab340202d901a28803d873fd6') in 0.028743 seconds 
  Import took 0.030442 seconds .

========================================================================
Received Import Request.
  Time since last request: 0.000158 seconds.
  path: Assets/Prefabs/Tile_RoadStraight.prefab
  artifactKey: Guid(82d08fcee29c6c54fb90a6268f42c523) Importer(815301076,1909f56bfc062723c751e8b465ee728b)
Start importing Assets/Prefabs/Tile_RoadStraight.prefab using Guid(82d08fcee29c6c54fb90a6268f42c523) Importer(815301076,1909f56bfc062723c751e8b465ee728b)  -> (artifact id: '194e27033487aaa2447b2f1b86d3663c') in 0.022311 seconds 
  Import took 0.024081 seconds .

========================================================================
Received Import Request.
  Time since last request: 0.000166 seconds.
  path: Assets/Prefabs/Tile_RoadCorner.prefab
  artifactKey: Guid(4969a9f181184174ca265eb6fe1d5cc9) Importer(815301076,1909f56bfc062723c751e8b465ee728b)
Start importing Assets/Prefabs/Tile_RoadCorner.prefab using Guid(4969a9f181184174ca265eb6fe1d5cc9) Importer(815301076,1909f56bfc062723c751e8b465ee728b)  -> (artifact id: 'cd16122dbcc781cf17a89725a47219b7') in 0.024746 seconds 
  Import took 0.026492 seconds .

========================================================================
Received Import Request.
  Time since last request: 0.694787 seconds.
  path: Assets/Prefabs/Tile.prefab
  artifactKey: Guid(33595e880457d8c49a1af126ead8f7c3) Importer(815301076,1909f56bfc062723c751e8b465ee728b)
Start importing Assets/Prefabs/Tile.prefab using Guid(33595e880457d8c49a1af126ead8f7c3) Importer(815301076,1909f56bfc062723c751e8b465ee728b)  -> (artifact id: '7207f186f0bf3f89ffbef5572a2ce36c') in 0.025712 seconds 
  Import took 0.027743 seconds .

========================================================================
Received Import Request.
  Time since last request: 0.000167 seconds.
  path: Assets/Prefabs/Tile_RoadStraight90.prefab
  artifactKey: Guid(ffabef3c397f7c2469aa70217c8a37ee) Importer(815301076,1909f56bfc062723c751e8b465ee728b)
Start importing Assets/Prefabs/Tile_RoadStraight90.prefab using Guid(ffabef3c397f7c2469aa70217c8a37ee) Importer(815301076,1909f56bfc062723c751e8b465ee728b)  -> (artifact id: '1620d587a3cf531c42ae93139ffe3b2d') in 0.027576 seconds 
  Import took 0.029372 seconds .

========================================================================
Received Import Request.
  Time since last request: 0.000153 seconds.
  path: Assets/Prefabs/Tile_RoadStraight.prefab
  artifactKey: Guid(82d08fcee29c6c54fb90a6268f42c523) Importer(815301076,1909f56bfc062723c751e8b465ee728b)
Start importing Assets/Prefabs/Tile_RoadStraight.prefab using Guid(82d08fcee29c6c54fb90a6268f42c523) Importer(815301076,1909f56bfc062723c751e8b465ee728b)  -> (artifact id: '33610b6baa52c7f148040be492141024') in 0.022484 seconds 
  Import took 0.024225 seconds .

========================================================================
Received Import Request.
  Time since last request: 0.000166 seconds.
  path: Assets/Prefabs/Tile_RoadCorner.prefab
  artifactKey: Guid(4969a9f181184174ca265eb6fe1d5cc9) Importer(815301076,1909f56bfc062723c751e8b465ee728b)
Start importing Assets/Prefabs/Tile_RoadCorner.prefab using Guid(4969a9f181184174ca265eb6fe1d5cc9) Importer(815301076,1909f56bfc062723c751e8b465ee728b)  -> (artifact id: '3bb4201c7e79fa5c0a53584cfe150cb4') in 0.024746 seconds 
  Import took 0.026547 seconds .

========================================================================
Received Import Request.
  Time since last request: 3.925338 seconds.
  path: Assets/Prefabs/Tile.prefab
  artifactKey: Guid(33595e880457d8c49a1af126ead8f7c3) Importer(815301076,1909f56bfc062723c751e8b465ee728b)
Start importing Assets/Prefabs/Tile.prefab using Guid(33595e880457d8c49a1af126ead8f7c3) Importer(815301076,1909f56bfc062723c751e8b465ee728b)  -> (artifact id: '33e45a7b3a81fd2187f50386233e03c6') in 0.026558 seconds 
  Import took 0.028670 seconds .

========================================================================
Received Import Request.
  Time since last request: 0.000172 seconds.
  path: Assets/Prefabs/Tile_RoadStraight90.prefab
  artifactKey: Guid(ffabef3c397f7c2469aa70217c8a37ee) Importer(815301076,1909f56bfc062723c751e8b465ee728b)
Start importing Assets/Prefabs/Tile_RoadStraight90.prefab using Guid(ffabef3c397f7c2469aa70217c8a37ee) Importer(815301076,1909f56bfc062723c751e8b465ee728b)  -> (artifact id: 'fc620f48229f14e765eb93ffa94a19ad') in 0.030541 seconds 
  Import took 0.032563 seconds .

========================================================================
Received Import Request.
  Time since last request: 0.000173 seconds.
  path: Assets/Prefabs/Tile_RoadStraight.prefab
  artifactKey: Guid(82d08fcee29c6c54fb90a6268f42c523) Importer(815301076,1909f56bfc062723c751e8b465ee728b)
Start importing Assets/Prefabs/Tile_RoadStraight.prefab using Guid(82d08fcee29c6c54fb90a6268f42c523) Importer(815301076,1909f56bfc062723c751e8b465ee728b)  -> (artifact id: '9d14037bdcce3a706759328b5ff43592') in 0.024983 seconds 
  Import took 0.027028 seconds .

========================================================================
Received Import Request.
  Time since last request: 0.000173 seconds.
  path: Assets/Prefabs/Tile_RoadCorner.prefab
  artifactKey: Guid(4969a9f181184174ca265eb6fe1d5cc9) Importer(815301076,1909f56bfc062723c751e8b465ee728b)
Start importing Assets/Prefabs/Tile_RoadCorner.prefab using Guid(4969a9f181184174ca265eb6fe1d5cc9) Importer(815301076,1909f56bfc062723c751e8b465ee728b)  -> (artifact id: '61ab4b6585d98f18907202271652bcd7') in 0.025492 seconds 
  Import took 0.027304 seconds .

========================================================================
Received Import Request.
  Time since last request: 0.356574 seconds.
  path: Assets/Prefabs/Tile.prefab
  artifactKey: Guid(33595e880457d8c49a1af126ead8f7c3) Importer(815301076,1909f56bfc062723c751e8b465ee728b)
Start importing Assets/Prefabs/Tile.prefab using Guid(33595e880457d8c49a1af126ead8f7c3) Importer(815301076,1909f56bfc062723c751e8b465ee728b)  -> (artifact id: 'c53286d7f7482609baca4a4596d3f4fd') in 0.027998 seconds 
  Import took 0.030420 seconds .

========================================================================
Received Import Request.
  Time since last request: 0.000198 seconds.
  path: Assets/Prefabs/Tile_RoadStraight90.prefab
  artifactKey: Guid(ffabef3c397f7c2469aa70217c8a37ee) Importer(815301076,1909f56bfc062723c751e8b465ee728b)
Start importing Assets/Prefabs/Tile_RoadStraight90.prefab using Guid(ffabef3c397f7c2469aa70217c8a37ee) Importer(815301076,1909f56bfc062723c751e8b465ee728b)  -> (artifact id: '3e4d2f6b37aabf5ef18c913453764d65') in 0.030259 seconds 
  Import took 0.032546 seconds .

========================================================================
Received Import Request.
  Time since last request: 0.000146 seconds.
  path: Assets/Prefabs/Tile_RoadStraight.prefab
  artifactKey: Guid(82d08fcee29c6c54fb90a6268f42c523) Importer(815301076,1909f56bfc062723c751e8b465ee728b)
Start importing Assets/Prefabs/Tile_RoadStraight.prefab using Guid(82d08fcee29c6c54fb90a6268f42c523) Importer(815301076,1909f56bfc062723c751e8b465ee728b)  -> (artifact id: '3fa27254ef1aa92da05f9c703c040405') in 0.026726 seconds 
  Import took 0.028765 seconds .

========================================================================
Received Import Request.
  Time since last request: 0.000216 seconds.
  path: Assets/Prefabs/Tile_RoadCorner.prefab
  artifactKey: Guid(4969a9f181184174ca265eb6fe1d5cc9) Importer(815301076,1909f56bfc062723c751e8b465ee728b)
Start importing Assets/Prefabs/Tile_RoadCorner.prefab using Guid(4969a9f181184174ca265eb6fe1d5cc9) Importer(815301076,1909f56bfc062723c751e8b465ee728b)  -> (artifact id: '4290dcf92414de5d6bec132c54603b6d') in 0.029867 seconds 
  Import took 0.032305 seconds .

========================================================================
Received Import Request.
  Time since last request: 122.332238 seconds.
  path: Assets/Prefabs/Tile_RoadCorner90.prefab
  artifactKey: Guid(34a2882e658e47949ad228b1fd13c65b) Importer(815301076,1909f56bfc062723c751e8b465ee728b)
Start importing Assets/Prefabs/Tile_RoadCorner90.prefab using Guid(34a2882e658e47949ad228b1fd13c65b) Importer(815301076,1909f56bfc062723c751e8b465ee728b)  -> (artifact id: 'ab534a780fac1f3197436e00792eb7d6') in 0.026234 seconds 
  Import took 0.028187 seconds .

========================================================================
Received Import Request.
  Time since last request: 9.170125 seconds.
  path: Assets/Prefabs/Tile_RoadCorner90.prefab
  artifactKey: Guid(34a2882e658e47949ad228b1fd13c65b) Importer(815301076,1909f56bfc062723c751e8b465ee728b)
Start importing Assets/Prefabs/Tile_RoadCorner90.prefab using Guid(34a2882e658e47949ad228b1fd13c65b) Importer(815301076,1909f56bfc062723c751e8b465ee728b)  -> (artifact id: 'f855ff96a946e2bd2399ba1af395b92d') in 0.026083 seconds 
  Import took 0.028004 seconds .

========================================================================
Received Import Request.
  Time since last request: 13.942387 seconds.
  path: Assets/Prefabs/Tile_RoadCorner180.prefab
  artifactKey: Guid(cb05d97b4552ba4449a3c7c65cabc24a) Importer(815301076,1909f56bfc062723c751e8b465ee728b)
Start importing Assets/Prefabs/Tile_RoadCorner180.prefab using Guid(cb05d97b4552ba4449a3c7c65cabc24a) Importer(815301076,1909f56bfc062723c751e8b465ee728b)  -> (artifact id: 'f059b16811baad341793e8b9afb1aa9a') in 0.026633 seconds 
  Import took 0.028750 seconds .

========================================================================
Received Import Request.
  Time since last request: 10.138477 seconds.
  path: Assets/Prefabs/Tile_RoadCorner270.prefab
  artifactKey: Guid(43638787bf124094492898cb445b2545) Importer(815301076,1909f56bfc062723c751e8b465ee728b)
Start importing Assets/Prefabs/Tile_RoadCorner270.prefab using Guid(43638787bf124094492898cb445b2545) Importer(815301076,1909f56bfc062723c751e8b465ee728b)  -> (artifact id: '43efe6d19ad050cdd86d9bae6522d434') in 0.030296 seconds 
  Import took 0.032255 seconds .

========================================================================
Received Import Request.
  Time since last request: 15.901778 seconds.
  path: Assets/Prefabs/Tile_RoadCorner180.prefab
  artifactKey: Guid(cb05d97b4552ba4449a3c7c65cabc24a) Importer(815301076,1909f56bfc062723c751e8b465ee728b)
Start importing Assets/Prefabs/Tile_RoadCorner180.prefab using Guid(cb05d97b4552ba4449a3c7c65cabc24a) Importer(815301076,1909f56bfc062723c751e8b465ee728b)  -> (artifact id: '5a9d048a58e2a5c515bb57b4ff66a775') in 0.026031 seconds 
  Import took 0.078999 seconds .

========================================================================
Received Import Request.
  Time since last request: 6.631586 seconds.
  path: Assets/Prefabs/Tile_RoadCorner270.prefab
  artifactKey: Guid(43638787bf124094492898cb445b2545) Importer(815301076,1909f56bfc062723c751e8b465ee728b)
Start importing Assets/Prefabs/Tile_RoadCorner270.prefab using Guid(43638787bf124094492898cb445b2545) Importer(815301076,1909f56bfc062723c751e8b465ee728b)  -> (artifact id: 'a52c25bfa28b51b53b3844ed26f48e58') in 0.025594 seconds 
  Import took 0.027894 seconds .

========================================================================
Received Import Request.
  Time since last request: 9.252671 seconds.
  path: Assets/Prefabs/Tile_RoadCorner270.prefab
  artifactKey: Guid(43638787bf124094492898cb445b2545) Importer(815301076,1909f56bfc062723c751e8b465ee728b)
Start importing Assets/Prefabs/Tile_RoadCorner270.prefab using Guid(43638787bf124094492898cb445b2545) Importer(815301076,1909f56bfc062723c751e8b465ee728b)  -> (artifact id: 'd829cd1e21074d8f51df1c29ee942151') in 0.026974 seconds 
  Import took 0.028967 seconds .

========================================================================
Received Import Request.
  Time since last request: 9.582413 seconds.
  path: Assets/Prefabs/Tile_RoadCorner270.prefab
  artifactKey: Guid(43638787bf124094492898cb445b2545) Importer(815301076,1909f56bfc062723c751e8b465ee728b)
Start importing Assets/Prefabs/Tile_RoadCorner270.prefab using Guid(43638787bf124094492898cb445b2545) Importer(815301076,1909f56bfc062723c751e8b465ee728b)  -> (artifact id: '2a23afa4da279f8de3e2e5fe9412a0d5') in 0.026101 seconds 
  Import took 0.028002 seconds .

========================================================================
Received Import Request.
  Time since last request: 9.547120 seconds.
  path: Assets/Prefabs/Tile_RoadCorner180.prefab
  artifactKey: Guid(cb05d97b4552ba4449a3c7c65cabc24a) Importer(815301076,1909f56bfc062723c751e8b465ee728b)
Start importing Assets/Prefabs/Tile_RoadCorner180.prefab using Guid(cb05d97b4552ba4449a3c7c65cabc24a) Importer(815301076,1909f56bfc062723c751e8b465ee728b)  -> (artifact id: '4d2e425946f66eab9308ccf6835e3fe2') in 0.025427 seconds 
  Import took 0.027409 seconds .

========================================================================
Received Import Request.
  Time since last request: 3.678444 seconds.
  path: Assets/Prefabs/Tile_RoadCorner180.prefab
  artifactKey: Guid(cb05d97b4552ba4449a3c7c65cabc24a) Importer(815301076,1909f56bfc062723c751e8b465ee728b)
Start importing Assets/Prefabs/Tile_RoadCorner180.prefab using Guid(cb05d97b4552ba4449a3c7c65cabc24a) Importer(815301076,1909f56bfc062723c751e8b465ee728b)  -> (artifact id: '7d20e6d0140864b0d0e1702b496ccb76') in 0.026162 seconds 
  Import took 0.028074 seconds .

========================================================================
Received Prepare
Registering precompiled user dll's ...
Registered in 0.005790 seconds.
Begin MonoManager ReloadAssembly
Native extension for WindowsStandalone target not found
Native extension for WebGL target not found
Refreshing native plugins compatible for Editor in 0.24 ms, found 2 plugins.
Preloading 0 native plugins for Editor in 0.00 ms.
Mono: successfully reloaded assembly
- Completed reload, in  0.747 seconds
Platform modules already initialized, skipping
Refreshing native plugins compatible for Editor in 0.24 ms, found 2 plugins.
Preloading 0 native plugins for Editor in 0.00 ms.
Unloading 1384 Unused Serialized files (Serialized files now loaded: 0)
System memory in use before: 69.2 MB.
System memory in use after: 69.3 MB.

Unloading 14 unused Assets to reduce memory usage. Loaded Objects now: 1847.
Total: 1.460600 ms (FindLiveObjects: 0.119300 ms CreateObjectMapping: 0.033600 ms MarkObjects: 1.258700 ms  DeleteObjects: 0.048100 ms)

AssetImportParameters requested are different than current active one (requested -> active):
  custom:framework-win-MediaFoundation: 216162199b28c13a410421893ffa2e32 -> 
  custom:video-decoder-ogg-theora: a1e56fd34408186e4bbccfd4996cb3dc -> 
  custom:container-muxer-webm: aa71ff27fc2769a1b78a27578f13a17b -> 
  custom:container-demuxer-webm: 4f35f7cbe854078d1ac9338744f61a02 -> 
  custom:container-demuxer-ogg: 62fdf1f143b41e24485cea50d1cbac27 -> 
  custom:video-encoder-webm-vp8: eb34c28f22e8b96e1ab97ce403110664 -> 
  custom:video-decoder-webm-vp8: 9c59270c3fd7afecdb556c50c9e8de78 -> 
  custom:audio-decoder-ogg-vorbis: bf7c407c2cedff20999df2af8eb42d56 -> 
  custom:audio-encoder-webm-vorbis: bf7c407c2cedff20999df2af8eb42d56 -> 
========================================================================
Received Import Request.
  Time since last request: 721.048939 seconds.
  path: Assets/AssetPacks/VoxelCastle/Prefabs
  artifactKey: Guid(0810c18387c203643b2bc85ab582fdff) Importer(815301076,1909f56bfc062723c751e8b465ee728b)
Start importing Assets/AssetPacks/VoxelCastle/Prefabs using Guid(0810c18387c203643b2bc85ab582fdff) Importer(815301076,1909f56bfc062723c751e8b465ee728b)  -> (artifact id: 'f03792897d1bfc1cc2ad1413db1fa13b') in 0.021004 seconds 
  Import took 0.022733 seconds .

========================================================================
Received Import Request.
  Time since last request: 44.403040 seconds.
  path: Assets/Prefabs/Ram.prefab
  artifactKey: Guid(b940df629b09f434dbb9fd487257db6c) Importer(815301076,1909f56bfc062723c751e8b465ee728b)
Start importing Assets/Prefabs/Ram.prefab using Guid(b940df629b09f434dbb9fd487257db6c) Importer(815301076,1909f56bfc062723c751e8b465ee728b)  -> (artifact id: '3ef82af95e38792ca9cce563f2865340') in 0.061443 seconds 
  Import took 0.063403 seconds .

========================================================================
Received Prepare
Registering precompiled user dll's ...
Registered in 0.005482 seconds.
Begin MonoManager ReloadAssembly
Native extension for WindowsStandalone target not found
Native extension for WebGL target not found
Refreshing native plugins compatible for Editor in 0.24 ms, found 2 plugins.
Preloading 0 native plugins for Editor in 0.00 ms.
Mono: successfully reloaded assembly
- Completed reload, in  0.706 seconds
Platform modules already initialized, skipping
Refreshing native plugins compatible for Editor in 0.25 ms, found 2 plugins.
Preloading 0 native plugins for Editor in 0.00 ms.
Unloading 1384 Unused Serialized files (Serialized files now loaded: 0)
System memory in use before: 69.2 MB.
System memory in use after: 69.3 MB.

Unloading 14 unused Assets to reduce memory usage. Loaded Objects now: 1851.
Total: 1.293400 ms (FindLiveObjects: 0.104400 ms CreateObjectMapping: 0.033100 ms MarkObjects: 1.113800 ms  DeleteObjects: 0.041000 ms)

AssetImportParameters requested are different than current active one (requested -> active):
  custom:framework-win-MediaFoundation: 216162199b28c13a410421893ffa2e32 -> 
  custom:video-decoder-ogg-theora: a1e56fd34408186e4bbccfd4996cb3dc -> 
  custom:container-muxer-webm: aa71ff27fc2769a1b78a27578f13a17b -> 
  custom:container-demuxer-webm: 4f35f7cbe854078d1ac9338744f61a02 -> 
  custom:container-demuxer-ogg: 62fdf1f143b41e24485cea50d1cbac27 -> 
  custom:video-encoder-webm-vp8: eb34c28f22e8b96e1ab97ce403110664 -> 
  custom:video-decoder-webm-vp8: 9c59270c3fd7afecdb556c50c9e8de78 -> 
  custom:audio-decoder-ogg-vorbis: bf7c407c2cedff20999df2af8eb42d56 -> 
  custom:audio-encoder-webm-vorbis: bf7c407c2cedff20999df2af8eb42d56 -> 
========================================================================
Received Prepare
Registering precompiled user dll's ...
Registered in 0.005264 seconds.
Begin MonoManager ReloadAssembly
Native extension for WindowsStandalone target not found
Native extension for WebGL target not found
Refreshing native plugins compatible for Editor in 0.24 ms, found 2 plugins.
Preloading 0 native plugins for Editor in 0.00 ms.
Mono: successfully reloaded assembly
- Completed reload, in  0.719 seconds
Platform modules already initialized, skipping
Refreshing native plugins compatible for Editor in 0.23 ms, found 2 plugins.
Preloading 0 native plugins for Editor in 0.00 ms.
Unloading 1384 Unused Serialized files (Serialized files now loaded: 0)
System memory in use before: 69.3 MB.
System memory in use after: 69.3 MB.

Unloading 14 unused Assets to reduce memory usage. Loaded Objects now: 1854.
Total: 1.297500 ms (FindLiveObjects: 0.101600 ms CreateObjectMapping: 0.032900 ms MarkObjects: 1.118200 ms  DeleteObjects: 0.044000 ms)

AssetImportParameters requested are different than current active one (requested -> active):
  custom:framework-win-MediaFoundation: 216162199b28c13a410421893ffa2e32 -> 
  custom:video-decoder-ogg-theora: a1e56fd34408186e4bbccfd4996cb3dc -> 
  custom:container-muxer-webm: aa71ff27fc2769a1b78a27578f13a17b -> 
  custom:container-demuxer-webm: 4f35f7cbe854078d1ac9338744f61a02 -> 
  custom:container-demuxer-ogg: 62fdf1f143b41e24485cea50d1cbac27 -> 
  custom:video-encoder-webm-vp8: eb34c28f22e8b96e1ab97ce403110664 -> 
  custom:video-decoder-webm-vp8: 9c59270c3fd7afecdb556c50c9e8de78 -> 
  custom:audio-decoder-ogg-vorbis: bf7c407c2cedff20999df2af8eb42d56 -> 
  custom:audio-encoder-webm-vorbis: bf7c407c2cedff20999df2af8eb42d56 -> 
========================================================================
Received Prepare
Registering precompiled user dll's ...
Registered in 0.005233 seconds.
Begin MonoManager ReloadAssembly
Native extension for WindowsStandalone target not found
Native extension for WebGL target not found
Refreshing native plugins compatible for Editor in 0.23 ms, found 2 plugins.
Preloading 0 native plugins for Editor in 0.00 ms.
Mono: successfully reloaded assembly
- Completed reload, in  0.723 seconds
Platform modules already initialized, skipping
Refreshing native plugins compatible for Editor in 0.23 ms, found 2 plugins.
Preloading 0 native plugins for Editor in 0.00 ms.
Unloading 1384 Unused Serialized files (Serialized files now loaded: 0)
System memory in use before: 69.3 MB.
System memory in use after: 69.3 MB.

Unloading 14 unused Assets to reduce memory usage. Loaded Objects now: 1857.
Total: 1.412900 ms (FindLiveObjects: 0.106800 ms CreateObjectMapping: 0.032300 ms MarkObjects: 1.223400 ms  DeleteObjects: 0.049500 ms)

AssetImportParameters requested are different than current active one (requested -> active):
  custom:framework-win-MediaFoundation: 216162199b28c13a410421893ffa2e32 -> 
  custom:video-decoder-ogg-theora: a1e56fd34408186e4bbccfd4996cb3dc -> 
  custom:container-muxer-webm: aa71ff27fc2769a1b78a27578f13a17b -> 
  custom:container-demuxer-webm: 4f35f7cbe854078d1ac9338744f61a02 -> 
  custom:container-demuxer-ogg: 62fdf1f143b41e24485cea50d1cbac27 -> 
  custom:video-encoder-webm-vp8: eb34c28f22e8b96e1ab97ce403110664 -> 
  custom:video-decoder-webm-vp8: 9c59270c3fd7afecdb556c50c9e8de78 -> 
  custom:audio-decoder-ogg-vorbis: bf7c407c2cedff20999df2af8eb42d56 -> 
  custom:audio-encoder-webm-vorbis: bf7c407c2cedff20999df2af8eb42d56 -> 
========================================================================
Received Prepare
Registering precompiled user dll's ...
Registered in 0.005442 seconds.
Begin MonoManager ReloadAssembly
Native extension for WindowsStandalone target not found
Native extension for WebGL target not found
Refreshing native plugins compatible for Editor in 0.23 ms, found 2 plugins.
Preloading 0 native plugins for Editor in 0.00 ms.
Mono: successfully reloaded assembly
- Completed reload, in  0.721 seconds
Platform modules already initialized, skipping
Refreshing native plugins compatible for Editor in 0.23 ms, found 2 plugins.
Preloading 0 native plugins for Editor in 0.00 ms.
Unloading 1384 Unused Serialized files (Serialized files now loaded: 0)
System memory in use before: 69.3 MB.
System memory in use after: 69.3 MB.

Unloading 14 unused Assets to reduce memory usage. Loaded Objects now: 1860.
Total: 1.326300 ms (FindLiveObjects: 0.101900 ms CreateObjectMapping: 0.038000 ms MarkObjects: 1.140800 ms  DeleteObjects: 0.044800 ms)

AssetImportParameters requested are different than current active one (requested -> active):
  custom:framework-win-MediaFoundation: 216162199b28c13a410421893ffa2e32 -> 
  custom:video-decoder-ogg-theora: a1e56fd34408186e4bbccfd4996cb3dc -> 
  custom:container-muxer-webm: aa71ff27fc2769a1b78a27578f13a17b -> 
  custom:container-demuxer-webm: 4f35f7cbe854078d1ac9338744f61a02 -> 
  custom:container-demuxer-ogg: 62fdf1f143b41e24485cea50d1cbac27 -> 
  custom:video-encoder-webm-vp8: eb34c28f22e8b96e1ab97ce403110664 -> 
  custom:video-decoder-webm-vp8: 9c59270c3fd7afecdb556c50c9e8de78 -> 
  custom:audio-decoder-ogg-vorbis: bf7c407c2cedff20999df2af8eb42d56 -> 
  custom:audio-encoder-webm-vorbis: bf7c407c2cedff20999df2af8eb42d56 -> 
========================================================================
Received Prepare
Registering precompiled user dll's ...
Registered in 0.006141 seconds.
Begin MonoManager ReloadAssembly
Native extension for WindowsStandalone target not found
Native extension for WebGL target not found
Refreshing native plugins compatible for Editor in 0.23 ms, found 2 plugins.
Preloading 0 native plugins for Editor in 0.00 ms.
Mono: successfully reloaded assembly
- Completed reload, in  0.714 seconds
Platform modules already initialized, skipping
Refreshing native plugins compatible for Editor in 0.28 ms, found 2 plugins.
Preloading 0 native plugins for Editor in 0.00 ms.
Unloading 1384 Unused Serialized files (Serialized files now loaded: 0)
System memory in use before: 69.3 MB.
System memory in use after: 69.3 MB.

Unloading 14 unused Assets to reduce memory usage. Loaded Objects now: 1863.
Total: 1.351300 ms (FindLiveObjects: 0.114500 ms CreateObjectMapping: 0.048900 ms MarkObjects: 1.143300 ms  DeleteObjects: 0.043800 ms)

AssetImportParameters requested are different than current active one (requested -> active):
  custom:framework-win-MediaFoundation: 216162199b28c13a410421893ffa2e32 -> 
  custom:video-decoder-ogg-theora: a1e56fd34408186e4bbccfd4996cb3dc -> 
  custom:container-muxer-webm: aa71ff27fc2769a1b78a27578f13a17b -> 
  custom:container-demuxer-webm: 4f35f7cbe854078d1ac9338744f61a02 -> 
  custom:container-demuxer-ogg: 62fdf1f143b41e24485cea50d1cbac27 -> 
  custom:video-encoder-webm-vp8: eb34c28f22e8b96e1ab97ce403110664 -> 
  custom:video-decoder-webm-vp8: 9c59270c3fd7afecdb556c50c9e8de78 -> 
  custom:audio-decoder-ogg-vorbis: bf7c407c2cedff20999df2af8eb42d56 -> 
  custom:audio-encoder-webm-vorbis: bf7c407c2cedff20999df2af8eb42d56 -> 
